02:26:44:819  INFO 10696 --- [user-center] [restartedMain] c.x.usercenter.UserCenterApplication     : Starting UserCenterApplication using Java 17.0.8 with PID 10696 (F:\yu-zsxq\用户中心\user-center\target\classes started by dell in F:\yu-zsxq\用户中心\user-center)
02:26:44:820  INFO 10696 --- [user-center] [restartedMain] c.x.usercenter.UserCenterApplication     : No active profile set, falling back to 1 default profile: "default"
02:26:45:295  INFO 10696 --- [user-center] [restartedMain] o.s.b.w.embedded.tomcat.TomcatWebServer  : Tomcat initialized with port 8080 (http)
02:26:45:296  INFO 10696 --- [user-center] [restartedMain] o.a.catalina.core.AprLifecycleListener   : An older version [1.2.35] of the Apache Tomcat Native library is installed, while Tomcat recommends a minimum version of [2.0.5]
02:26:45:297  INFO 10696 --- [user-center] [restartedMain] o.a.catalina.core.AprLifecycleListener   : Loaded Apache Tomcat Native library [1.2.35] using APR version [1.7.0].
02:26:45:297  INFO 10696 --- [user-center] [restartedMain] o.a.catalina.core.AprLifecycleListener   : OpenSSL successfully initialized [OpenSSL 1.1.1q  5 Jul 2022]
02:26:45:298  INFO 10696 --- [user-center] [restartedMain] o.apache.catalina.core.StandardService   : Starting service [Tomcat]
02:26:45:298  INFO 10696 --- [user-center] [restartedMain] o.apache.catalina.core.StandardEngine    : Starting Servlet engine: [Apache Tomcat/10.1.25]
02:26:45:314  INFO 10696 --- [user-center] [restartedMain] o.a.c.c.C.[Tomcat].[localhost].[/api]    : Initializing Spring embedded WebApplicationContext
02:26:45:315  INFO 10696 --- [user-center] [restartedMain] w.s.c.ServletWebServerApplicationContext : Root WebApplicationContext: initialization completed in 492 ms
02:26:46:634  INFO 10696 --- [user-center] [restartedMain] o.s.b.d.a.OptionalLiveReloadServer       : LiveReload server is running on port 35729
02:26:46:662  INFO 10696 --- [user-center] [restartedMain] o.s.b.w.embedded.tomcat.TomcatWebServer  : Tomcat started on port 8080 (http) with context path '/api'
02:26:46:675  INFO 10696 --- [user-center] [restartedMain] c.x.usercenter.UserCenterApplication     : Started UserCenterApplication in 1.988 seconds (process running for 300.308)
02:26:46:679  INFO 10696 --- [user-center] [restartedMain] .ConditionEvaluationDeltaLoggingListener : Condition evaluation unchanged
02:26:46:717  INFO 10696 --- [user-center] [http-nio-8080-exec-2] o.a.c.c.C.[Tomcat].[localhost].[/api]    : Initializing Spring DispatcherServlet 'dispatcherServlet'
02:26:46:718  INFO 10696 --- [user-center] [http-nio-8080-exec-2] o.s.web.servlet.DispatcherServlet        : Initializing Servlet 'dispatcherServlet'
02:26:46:721  INFO 10696 --- [user-center] [http-nio-8080-exec-2] o.s.web.servlet.DispatcherServlet        : Completed initialization in 2 ms
02:26:46:727  INFO 10696 --- [user-center] [http-nio-8080-exec-3] c.x.u.i.RequestLoggingInterceptor        : Request URL:: http://localhost:8080/api/webjars/js/chunk-069eb437.907a4e2a.js || Method:: GET
02:26:46:727  INFO 10696 --- [user-center] [http-nio-8080-exec-2] c.x.u.i.RequestLoggingInterceptor        : Request URL:: http://localhost:8080/api/webjars/css/chunk-d7d5f59c.a9ffbfcb.css || Method:: GET
02:26:46:729  INFO 10696 --- [user-center] [http-nio-8080-exec-1] c.x.u.i.RequestLoggingInterceptor        : Request URL:: http://localhost:8080/api/webjars/js/chunk-d7d5f59c.42190458.js || Method:: GET
02:26:46:750  INFO 10696 --- [user-center] [http-nio-8080-exec-4] c.x.u.i.RequestLoggingInterceptor        : Request URL:: http://localhost:8080/api/webjars/css/chunk-296622eb.20e6d994.css || Method:: GET
02:26:46:758  INFO 10696 --- [user-center] [http-nio-8080-exec-5] c.x.u.i.RequestLoggingInterceptor        : Request URL:: http://localhost:8080/api/webjars/js/chunk-adb9e944.55c41d5b.js || Method:: GET
02:26:46:942  INFO 10696 --- [user-center] [http-nio-8080-exec-6] c.x.u.i.RequestLoggingInterceptor        : Request URL:: http://localhost:8080/api/webjars/js/chunk-296622eb.e4e811f0.js || Method:: GET
02:26:46:943  INFO 10696 --- [user-center] [http-nio-8080-exec-7] c.x.u.i.RequestLoggingInterceptor        : Request URL:: http://localhost:8080/api/webjars/js/chunk-3b888a65.8737ce4f.js || Method:: GET
02:26:46:962  INFO 10696 --- [user-center] [http-nio-8080-exec-8] c.x.u.i.RequestLoggingInterceptor        : Request URL:: http://localhost:8080/api/webjars/js/chunk-3ec4aaa8.a79d19f8.js || Method:: GET
02:26:46:982  INFO 10696 --- [user-center] [http-nio-8080-exec-9] c.x.u.i.RequestLoggingInterceptor        : Request URL:: http://localhost:8080/api/webjars/js/chunk-2d0af44e.edce7802.js || Method:: GET
02:26:46:987  INFO 10696 --- [user-center] [http-nio-8080-exec-10] c.x.u.i.RequestLoggingInterceptor        : Request URL:: http://localhost:8080/api/webjars/js/chunk-2d0bd799.d2d95c02.js || Method:: GET
02:26:51:891  INFO 10696 --- [user-center] [http-nio-8080-exec-2] c.x.u.i.RequestLoggingInterceptor        : Request URL:: http://localhost:8080/api/webjars/js/chunk-0fd67716.d57e2c41.js || Method:: GET
02:26:51:891  INFO 10696 --- [user-center] [http-nio-8080-exec-3] c.x.u.i.RequestLoggingInterceptor        : Request URL:: http://localhost:8080/api/webjars/js/chunk-0d102d5a.144e3dee.js || Method:: GET
02:26:51:891  INFO 10696 --- [user-center] [http-nio-8080-exec-1] c.x.u.i.RequestLoggingInterceptor        : Request URL:: http://localhost:8080/api/webjars/js/chunk-589faee0.f3951d02.js || Method:: GET
02:26:51:958  INFO 10696 --- [user-center] [http-nio-8080-exec-4] c.x.u.i.RequestLoggingInterceptor        : Request URL:: http://localhost:8080/api/webjars/js/chunk-735c675c.ecb8aa58.js || Method:: GET
02:26:58:971  INFO 10696 --- [user-center] [http-nio-8080-exec-5] c.x.u.i.RequestLoggingInterceptor        : Request URL:: http://localhost:8080/api/user/login || Method:: POST
02:26:58:974  INFO 10696 --- [user-center] [http-nio-8080-exec-5] c.x.u.controller.UserController          : 用户登录:UserLoginDto(userAccount=xiaofan, userPassword=Aa+12345)
02:26:58:978  INFO 10696 --- [user-center] [http-nio-8080-exec-5] com.zaxxer.hikari.HikariDataSource       : HikariPool-2 - Starting...
02:26:58:983  INFO 10696 --- [user-center] [http-nio-8080-exec-5] com.zaxxer.hikari.pool.HikariPool        : HikariPool-2 - Added connection com.mysql.jdbc.JDBC4Connection@15282501
02:26:58:984  INFO 10696 --- [user-center] [http-nio-8080-exec-5] com.zaxxer.hikari.HikariDataSource       : HikariPool-2 - Start completed.
02:29:50:048  INFO 10696 --- [user-center] [File Watcher] rtingClassPathChangeChangedEventListener : Restarting due to 1 class path change (0 additions, 0 deletions, 1 modification)
02:29:50:162  INFO 10696 --- [user-center] [Thread-7] com.zaxxer.hikari.HikariDataSource       : HikariPool-2 - Shutdown initiated...
02:29:50:164  INFO 10696 --- [user-center] [Thread-7] com.zaxxer.hikari.HikariDataSource       : HikariPool-2 - Shutdown completed.
02:29:50:242  INFO 10696 --- [user-center] [restartedMain] c.x.usercenter.UserCenterApplication     : Starting UserCenterApplication using Java 17.0.8 with PID 10696 (F:\yu-zsxq\用户中心\user-center\target\classes started by dell in F:\yu-zsxq\用户中心\user-center)
02:29:50:242  INFO 10696 --- [user-center] [restartedMain] c.x.usercenter.UserCenterApplication     : No active profile set, falling back to 1 default profile: "default"
02:29:50:443  INFO 10696 --- [user-center] [restartedMain] o.s.b.w.embedded.tomcat.TomcatWebServer  : Tomcat initialized with port 8080 (http)
02:29:50:443  INFO 10696 --- [user-center] [restartedMain] o.a.catalina.core.AprLifecycleListener   : An older version [1.2.35] of the Apache Tomcat Native library is installed, while Tomcat recommends a minimum version of [2.0.5]
02:29:50:443  INFO 10696 --- [user-center] [restartedMain] o.a.catalina.core.AprLifecycleListener   : Loaded Apache Tomcat Native library [1.2.35] using APR version [1.7.0].
02:29:50:443  INFO 10696 --- [user-center] [restartedMain] o.a.catalina.core.AprLifecycleListener   : OpenSSL successfully initialized [OpenSSL 1.1.1q  5 Jul 2022]
02:29:50:443  INFO 10696 --- [user-center] [restartedMain] o.apache.catalina.core.StandardService   : Starting service [Tomcat]
02:29:50:443  INFO 10696 --- [user-center] [restartedMain] o.apache.catalina.core.StandardEngine    : Starting Servlet engine: [Apache Tomcat/10.1.25]
02:29:50:451  INFO 10696 --- [user-center] [restartedMain] o.a.c.c.C.[Tomcat].[localhost].[/api]    : Initializing Spring embedded WebApplicationContext
02:29:50:451  INFO 10696 --- [user-center] [restartedMain] w.s.c.ServletWebServerApplicationContext : Root WebApplicationContext: initialization completed in 208 ms
02:29:50:899  INFO 10696 --- [user-center] [restartedMain] o.s.b.d.a.OptionalLiveReloadServer       : LiveReload server is running on port 35729
02:29:50:911  INFO 10696 --- [user-center] [restartedMain] o.s.b.w.embedded.tomcat.TomcatWebServer  : Tomcat started on port 8080 (http) with context path '/api'
02:29:50:916  INFO 10696 --- [user-center] [restartedMain] c.x.usercenter.UserCenterApplication     : Started UserCenterApplication in 0.703 seconds (process running for 484.55)
02:29:50:917  INFO 10696 --- [user-center] [restartedMain] .ConditionEvaluationDeltaLoggingListener : Condition evaluation unchanged
02:29:56:198  INFO 10696 --- [user-center] [http-nio-8080-exec-2] o.a.c.c.C.[Tomcat].[localhost].[/api]    : Initializing Spring DispatcherServlet 'dispatcherServlet'
02:29:56:199  INFO 10696 --- [user-center] [http-nio-8080-exec-2] o.s.web.servlet.DispatcherServlet        : Initializing Servlet 'dispatcherServlet'
02:29:56:200  INFO 10696 --- [user-center] [http-nio-8080-exec-2] o.s.web.servlet.DispatcherServlet        : Completed initialization in 1 ms
02:29:56:201  INFO 10696 --- [user-center] [http-nio-8080-exec-2] c.x.u.i.RequestLoggingInterceptor        : Request URL:: http://localhost:8080/api/user/login || Method:: POST
02:29:56:203  INFO 10696 --- [user-center] [http-nio-8080-exec-2] c.x.u.controller.UserController          : 用户登录:UserLoginDto(userAccount=xiaofan, userPassword=Aa+12345)
02:29:56:208  INFO 10696 --- [user-center] [http-nio-8080-exec-2] com.zaxxer.hikari.HikariDataSource       : HikariPool-3 - Starting...
02:29:56:215  INFO 10696 --- [user-center] [http-nio-8080-exec-2] com.zaxxer.hikari.pool.HikariPool        : HikariPool-3 - Added connection com.mysql.jdbc.JDBC4Connection@6c9bf810
02:29:56:216  INFO 10696 --- [user-center] [http-nio-8080-exec-2] com.zaxxer.hikari.HikariDataSource       : HikariPool-3 - Start completed.
02:31:21:267  INFO 10696 --- [user-center] [File Watcher] rtingClassPathChangeChangedEventListener : Restarting due to 1 class path change (0 additions, 0 deletions, 1 modification)
02:31:21:373  INFO 10696 --- [user-center] [Thread-11] com.zaxxer.hikari.HikariDataSource       : HikariPool-3 - Shutdown initiated...
02:31:21:374  INFO 10696 --- [user-center] [Thread-11] com.zaxxer.hikari.HikariDataSource       : HikariPool-3 - Shutdown completed.
02:31:21:428  INFO 10696 --- [user-center] [restartedMain] c.x.usercenter.UserCenterApplication     : Starting UserCenterApplication using Java 17.0.8 with PID 10696 (F:\yu-zsxq\用户中心\user-center\target\classes started by dell in F:\yu-zsxq\用户中心\user-center)
02:31:21:429  INFO 10696 --- [user-center] [restartedMain] c.x.usercenter.UserCenterApplication     : No active profile set, falling back to 1 default profile: "default"
02:31:21:631  INFO 10696 --- [user-center] [restartedMain] o.s.b.w.embedded.tomcat.TomcatWebServer  : Tomcat initialized with port 8080 (http)
02:31:21:631  INFO 10696 --- [user-center] [restartedMain] o.a.catalina.core.AprLifecycleListener   : An older version [1.2.35] of the Apache Tomcat Native library is installed, while Tomcat recommends a minimum version of [2.0.5]
02:31:21:631  INFO 10696 --- [user-center] [restartedMain] o.a.catalina.core.AprLifecycleListener   : Loaded Apache Tomcat Native library [1.2.35] using APR version [1.7.0].
02:31:21:631  INFO 10696 --- [user-center] [restartedMain] o.a.catalina.core.AprLifecycleListener   : OpenSSL successfully initialized [OpenSSL 1.1.1q  5 Jul 2022]
02:31:21:632  INFO 10696 --- [user-center] [restartedMain] o.apache.catalina.core.StandardService   : Starting service [Tomcat]
02:31:21:632  INFO 10696 --- [user-center] [restartedMain] o.apache.catalina.core.StandardEngine    : Starting Servlet engine: [Apache Tomcat/10.1.25]
02:31:21:643  INFO 10696 --- [user-center] [restartedMain] o.a.c.c.C.[Tomcat].[localhost].[/api]    : Initializing Spring embedded WebApplicationContext
02:31:21:644  INFO 10696 --- [user-center] [restartedMain] w.s.c.ServletWebServerApplicationContext : Root WebApplicationContext: initialization completed in 214 ms
02:31:21:717  WARN 10696 --- [user-center] [restartedMain] ConfigServletWebServerApplicationContext : Exception encountered during context initialization - cancelling refresh attempt: org.springframework.beans.factory.BeanCreationException: Error creating bean with name 'userController': Injection of resource dependencies failed
02:31:21:719  INFO 10696 --- [user-center] [restartedMain] o.apache.catalina.core.StandardService   : Stopping service [Tomcat]
02:31:21:727  INFO 10696 --- [user-center] [restartedMain] .s.b.a.l.ConditionEvaluationReportLogger : 

Error starting ApplicationContext. To display the condition evaluation report re-run your application with 'debug' enabled.
02:31:21:773 ERROR 10696 --- [user-center] [restartedMain] o.s.boot.SpringApplication               : Application run failed

org.springframework.beans.factory.BeanCreationException: Error creating bean with name 'userController': Injection of resource dependencies failed
	at org.springframework.context.annotation.CommonAnnotationBeanPostProcessor.postProcessProperties(CommonAnnotationBeanPostProcessor.java:371) ~[spring-context-6.1.10.jar:6.1.10]
	at org.springframework.beans.factory.support.AbstractAutowireCapableBeanFactory.populateBean(AbstractAutowireCapableBeanFactory.java:1421) ~[spring-beans-6.1.10.jar:6.1.10]
	at org.springframework.beans.factory.support.AbstractAutowireCapableBeanFactory.doCreateBean(AbstractAutowireCapableBeanFactory.java:599) ~[spring-beans-6.1.10.jar:6.1.10]
	at org.springframework.beans.factory.support.AbstractAutowireCapableBeanFactory.createBean(AbstractAutowireCapableBeanFactory.java:522) ~[spring-beans-6.1.10.jar:6.1.10]
	at org.springframework.beans.factory.support.AbstractBeanFactory.lambda$doGetBean$0(AbstractBeanFactory.java:337) ~[spring-beans-6.1.10.jar:6.1.10]
	at org.springframework.beans.factory.support.DefaultSingletonBeanRegistry.getSingleton(DefaultSingletonBeanRegistry.java:234) ~[spring-beans-6.1.10.jar:6.1.10]
	at org.springframework.beans.factory.support.AbstractBeanFactory.doGetBean(AbstractBeanFactory.java:335) ~[spring-beans-6.1.10.jar:6.1.10]
	at org.springframework.beans.factory.support.AbstractBeanFactory.getBean(AbstractBeanFactory.java:200) ~[spring-beans-6.1.10.jar:6.1.10]
	at org.springframework.beans.factory.support.DefaultListableBeanFactory.preInstantiateSingletons(DefaultListableBeanFactory.java:975) ~[spring-beans-6.1.10.jar:6.1.10]
	at org.springframework.context.support.AbstractApplicationContext.finishBeanFactoryInitialization(AbstractApplicationContext.java:962) ~[spring-context-6.1.10.jar:6.1.10]
	at org.springframework.context.support.AbstractApplicationContext.refresh(AbstractApplicationContext.java:624) ~[spring-context-6.1.10.jar:6.1.10]
	at org.springframework.boot.web.servlet.context.ServletWebServerApplicationContext.refresh(ServletWebServerApplicationContext.java:146) ~[spring-boot-3.2.7.jar:3.2.7]
	at org.springframework.boot.SpringApplication.refresh(SpringApplication.java:754) ~[spring-boot-3.2.7.jar:3.2.7]
	at org.springframework.boot.SpringApplication.refreshContext(SpringApplication.java:456) ~[spring-boot-3.2.7.jar:3.2.7]
	at org.springframework.boot.SpringApplication.run(SpringApplication.java:335) ~[spring-boot-3.2.7.jar:3.2.7]
	at org.springframework.boot.SpringApplication.run(SpringApplication.java:1363) ~[spring-boot-3.2.7.jar:3.2.7]
	at org.springframework.boot.SpringApplication.run(SpringApplication.java:1352) ~[spring-boot-3.2.7.jar:3.2.7]
	at com.xiaofan.usercenter.UserCenterApplication.main(UserCenterApplication.java:15) ~[classes/:na]
	at java.base/jdk.internal.reflect.NativeMethodAccessorImpl.invoke0(Native Method) ~[na:na]
	at java.base/jdk.internal.reflect.NativeMethodAccessorImpl.invoke(NativeMethodAccessorImpl.java:77) ~[na:na]
	at java.base/jdk.internal.reflect.DelegatingMethodAccessorImpl.invoke(DelegatingMethodAccessorImpl.java:43) ~[na:na]
	at java.base/java.lang.reflect.Method.invoke(Method.java:568) ~[na:na]
	at org.springframework.boot.devtools.restart.RestartLauncher.run(RestartLauncher.java:50) ~[spring-boot-devtools-3.2.7.jar:3.2.7]
Caused by: org.springframework.beans.factory.UnsatisfiedDependencyException: Error creating bean with name 'userServiceImpl': Unsatisfied dependency expressed through field 'baseMapper': Error creating bean with name 'userMapper' defined in file [F:\yu-zsxq\用户中心\user-center\target\classes\com\xiaofan\usercenter\mapper\UserMapper.class]: Unsatisfied dependency expressed through bean property 'sqlSessionFactory': Error creating bean with name 'sqlSessionFactory' defined in class path resource [com/baomidou/mybatisplus/autoconfigure/MybatisPlusAutoConfiguration.class]: Failed to instantiate [org.apache.ibatis.session.SqlSessionFactory]: Factory method 'sqlSessionFactory' threw exception with message: Error setting Log implementation.  Cause: java.lang.reflect.InvocationTargetException
	at org.springframework.beans.factory.annotation.AutowiredAnnotationBeanPostProcessor$AutowiredFieldElement.resolveFieldValue(AutowiredAnnotationBeanPostProcessor.java:787) ~[spring-beans-6.1.10.jar:6.1.10]
	at org.springframework.beans.factory.annotation.AutowiredAnnotationBeanPostProcessor$AutowiredFieldElement.inject(AutowiredAnnotationBeanPostProcessor.java:767) ~[spring-beans-6.1.10.jar:6.1.10]
	at org.springframework.beans.factory.annotation.InjectionMetadata.inject(InjectionMetadata.java:145) ~[spring-beans-6.1.10.jar:6.1.10]
	at org.springframework.beans.factory.annotation.AutowiredAnnotationBeanPostProcessor.postProcessProperties(AutowiredAnnotationBeanPostProcessor.java:508) ~[spring-beans-6.1.10.jar:6.1.10]
	at org.springframework.beans.factory.support.AbstractAutowireCapableBeanFactory.populateBean(AbstractAutowireCapableBeanFactory.java:1421) ~[spring-beans-6.1.10.jar:6.1.10]
	at org.springframework.beans.factory.support.AbstractAutowireCapableBeanFactory.doCreateBean(AbstractAutowireCapableBeanFactory.java:599) ~[spring-beans-6.1.10.jar:6.1.10]
	at org.springframework.beans.factory.support.AbstractAutowireCapableBeanFactory.createBean(AbstractAutowireCapableBeanFactory.java:522) ~[spring-beans-6.1.10.jar:6.1.10]
	at org.springframework.beans.factory.support.AbstractBeanFactory.lambda$doGetBean$0(AbstractBeanFactory.java:337) ~[spring-beans-6.1.10.jar:6.1.10]
	at org.springframework.beans.factory.support.DefaultSingletonBeanRegistry.getSingleton(DefaultSingletonBeanRegistry.java:234) ~[spring-beans-6.1.10.jar:6.1.10]
	at org.springframework.beans.factory.support.AbstractBeanFactory.doGetBean(AbstractBeanFactory.java:335) ~[spring-beans-6.1.10.jar:6.1.10]
	at org.springframework.beans.factory.support.AbstractBeanFactory.getBean(AbstractBeanFactory.java:200) ~[spring-beans-6.1.10.jar:6.1.10]
	at org.springframework.beans.factory.config.DependencyDescriptor.resolveCandidate(DependencyDescriptor.java:254) ~[spring-beans-6.1.10.jar:6.1.10]
	at org.springframework.beans.factory.support.DefaultListableBeanFactory.doResolveDependency(DefaultListableBeanFactory.java:1443) ~[spring-beans-6.1.10.jar:6.1.10]
	at org.springframework.beans.factory.support.DefaultListableBeanFactory.resolveDependency(DefaultListableBeanFactory.java:1353) ~[spring-beans-6.1.10.jar:6.1.10]
	at org.springframework.context.annotation.CommonAnnotationBeanPostProcessor.autowireResource(CommonAnnotationBeanPostProcessor.java:598) ~[spring-context-6.1.10.jar:6.1.10]
	at org.springframework.context.annotation.CommonAnnotationBeanPostProcessor.getResource(CommonAnnotationBeanPostProcessor.java:576) ~[spring-context-6.1.10.jar:6.1.10]
	at org.springframework.context.annotation.CommonAnnotationBeanPostProcessor$ResourceElement.getResourceToInject(CommonAnnotationBeanPostProcessor.java:738) ~[spring-context-6.1.10.jar:6.1.10]
	at org.springframework.beans.factory.annotation.InjectionMetadata$InjectedElement.inject(InjectionMetadata.java:270) ~[spring-beans-6.1.10.jar:6.1.10]
	at org.springframework.beans.factory.annotation.InjectionMetadata.inject(InjectionMetadata.java:145) ~[spring-beans-6.1.10.jar:6.1.10]
	at org.springframework.context.annotation.CommonAnnotationBeanPostProcessor.postProcessProperties(CommonAnnotationBeanPostProcessor.java:368) ~[spring-context-6.1.10.jar:6.1.10]
	... 22 common frames omitted
Caused by: org.springframework.beans.factory.UnsatisfiedDependencyException: Error creating bean with name 'userMapper' defined in file [F:\yu-zsxq\用户中心\user-center\target\classes\com\xiaofan\usercenter\mapper\UserMapper.class]: Unsatisfied dependency expressed through bean property 'sqlSessionFactory': Error creating bean with name 'sqlSessionFactory' defined in class path resource [com/baomidou/mybatisplus/autoconfigure/MybatisPlusAutoConfiguration.class]: Failed to instantiate [org.apache.ibatis.session.SqlSessionFactory]: Factory method 'sqlSessionFactory' threw exception with message: Error setting Log implementation.  Cause: java.lang.reflect.InvocationTargetException
	at org.springframework.beans.factory.support.AbstractAutowireCapableBeanFactory.autowireByType(AbstractAutowireCapableBeanFactory.java:1518) ~[spring-beans-6.1.10.jar:6.1.10]
	at org.springframework.beans.factory.support.AbstractAutowireCapableBeanFactory.populateBean(AbstractAutowireCapableBeanFactory.java:1412) ~[spring-beans-6.1.10.jar:6.1.10]
	at org.springframework.beans.factory.support.AbstractAutowireCapableBeanFactory.doCreateBean(AbstractAutowireCapableBeanFactory.java:599) ~[spring-beans-6.1.10.jar:6.1.10]
	at org.springframework.beans.factory.support.AbstractAutowireCapableBeanFactory.createBean(AbstractAutowireCapableBeanFactory.java:522) ~[spring-beans-6.1.10.jar:6.1.10]
	at org.springframework.beans.factory.support.AbstractBeanFactory.lambda$doGetBean$0(AbstractBeanFactory.java:337) ~[spring-beans-6.1.10.jar:6.1.10]
	at org.springframework.beans.factory.support.DefaultSingletonBeanRegistry.getSingleton(DefaultSingletonBeanRegistry.java:234) ~[spring-beans-6.1.10.jar:6.1.10]
	at org.springframework.beans.factory.support.AbstractBeanFactory.doGetBean(AbstractBeanFactory.java:335) ~[spring-beans-6.1.10.jar:6.1.10]
	at org.springframework.beans.factory.support.AbstractBeanFactory.getBean(AbstractBeanFactory.java:200) ~[spring-beans-6.1.10.jar:6.1.10]
	at org.springframework.beans.factory.config.DependencyDescriptor.resolveCandidate(DependencyDescriptor.java:254) ~[spring-beans-6.1.10.jar:6.1.10]
	at org.springframework.beans.factory.support.DefaultListableBeanFactory.doResolveDependency(DefaultListableBeanFactory.java:1443) ~[spring-beans-6.1.10.jar:6.1.10]
	at org.springframework.beans.factory.support.DefaultListableBeanFactory.resolveDependency(DefaultListableBeanFactory.java:1353) ~[spring-beans-6.1.10.jar:6.1.10]
	at org.springframework.beans.factory.annotation.AutowiredAnnotationBeanPostProcessor$AutowiredFieldElement.resolveFieldValue(AutowiredAnnotationBeanPostProcessor.java:784) ~[spring-beans-6.1.10.jar:6.1.10]
	... 41 common frames omitted
Caused by: org.springframework.beans.factory.BeanCreationException: Error creating bean with name 'sqlSessionFactory' defined in class path resource [com/baomidou/mybatisplus/autoconfigure/MybatisPlusAutoConfiguration.class]: Failed to instantiate [org.apache.ibatis.session.SqlSessionFactory]: Factory method 'sqlSessionFactory' threw exception with message: Error setting Log implementation.  Cause: java.lang.reflect.InvocationTargetException
	at org.springframework.beans.factory.support.ConstructorResolver.instantiate(ConstructorResolver.java:648) ~[spring-beans-6.1.10.jar:6.1.10]
	at org.springframework.beans.factory.support.ConstructorResolver.instantiateUsingFactoryMethod(ConstructorResolver.java:636) ~[spring-beans-6.1.10.jar:6.1.10]
	at org.springframework.beans.factory.support.AbstractAutowireCapableBeanFactory.instantiateUsingFactoryMethod(AbstractAutowireCapableBeanFactory.java:1337) ~[spring-beans-6.1.10.jar:6.1.10]
	at org.springframework.beans.factory.support.AbstractAutowireCapableBeanFactory.createBeanInstance(AbstractAutowireCapableBeanFactory.java:1167) ~[spring-beans-6.1.10.jar:6.1.10]
	at org.springframework.beans.factory.support.AbstractAutowireCapableBeanFactory.doCreateBean(AbstractAutowireCapableBeanFactory.java:562) ~[spring-beans-6.1.10.jar:6.1.10]
	at org.springframework.beans.factory.support.AbstractAutowireCapableBeanFactory.createBean(AbstractAutowireCapableBeanFactory.java:522) ~[spring-beans-6.1.10.jar:6.1.10]
	at org.springframework.beans.factory.support.AbstractBeanFactory.lambda$doGetBean$0(AbstractBeanFactory.java:337) ~[spring-beans-6.1.10.jar:6.1.10]
	at org.springframework.beans.factory.support.DefaultSingletonBeanRegistry.getSingleton(DefaultSingletonBeanRegistry.java:234) ~[spring-beans-6.1.10.jar:6.1.10]
	at org.springframework.beans.factory.support.AbstractBeanFactory.doGetBean(AbstractBeanFactory.java:335) ~[spring-beans-6.1.10.jar:6.1.10]
	at org.springframework.beans.factory.support.AbstractBeanFactory.getBean(AbstractBeanFactory.java:200) ~[spring-beans-6.1.10.jar:6.1.10]
	at org.springframework.beans.factory.config.DependencyDescriptor.resolveCandidate(DependencyDescriptor.java:254) ~[spring-beans-6.1.10.jar:6.1.10]
	at org.springframework.beans.factory.support.DefaultListableBeanFactory.doResolveDependency(DefaultListableBeanFactory.java:1443) ~[spring-beans-6.1.10.jar:6.1.10]
	at org.springframework.beans.factory.support.DefaultListableBeanFactory.resolveDependency(DefaultListableBeanFactory.java:1353) ~[spring-beans-6.1.10.jar:6.1.10]
	at org.springframework.beans.factory.support.AbstractAutowireCapableBeanFactory.autowireByType(AbstractAutowireCapableBeanFactory.java:1503) ~[spring-beans-6.1.10.jar:6.1.10]
	... 52 common frames omitted
Caused by: org.springframework.beans.BeanInstantiationException: Failed to instantiate [org.apache.ibatis.session.SqlSessionFactory]: Factory method 'sqlSessionFactory' threw exception with message: Error setting Log implementation.  Cause: java.lang.reflect.InvocationTargetException
	at org.springframework.beans.factory.support.SimpleInstantiationStrategy.instantiate(SimpleInstantiationStrategy.java:177) ~[spring-beans-6.1.10.jar:6.1.10]
	at org.springframework.beans.factory.support.ConstructorResolver.instantiate(ConstructorResolver.java:644) ~[spring-beans-6.1.10.jar:6.1.10]
	... 65 common frames omitted
Caused by: org.apache.ibatis.logging.LogException: Error setting Log implementation.  Cause: java.lang.reflect.InvocationTargetException
	at org.apache.ibatis.logging.LogFactory.setImplementation(LogFactory.java:116) ~[mybatis-3.5.16.jar:3.5.16]
	at org.apache.ibatis.logging.LogFactory.useCustomLogging(LogFactory.java:61) ~[mybatis-3.5.16.jar:3.5.16]
	at org.apache.ibatis.session.Configuration.setLogImpl(Configuration.java:240) ~[mybatis-3.5.16.jar:3.5.16]
	at org.springframework.boot.context.properties.PropertyMapper$Source.to(PropertyMapper.java:294) ~[spring-boot-3.2.7.jar:3.2.7]
	at com.baomidou.mybatisplus.autoconfigure.MybatisPlusProperties$CoreConfiguration.applyTo(MybatisPlusProperties.java:371) ~[mybatis-plus-spring-boot-autoconfigure-3.5.7.jar:3.5.7]
	at com.baomidou.mybatisplus.autoconfigure.MybatisPlusAutoConfiguration.applyConfiguration(MybatisPlusAutoConfiguration.java:260) ~[mybatis-plus-spring-boot-autoconfigure-3.5.7.jar:3.5.7]
	at com.baomidou.mybatisplus.autoconfigure.MybatisPlusAutoConfiguration.sqlSessionFactory(MybatisPlusAutoConfiguration.java:178) ~[mybatis-plus-spring-boot-autoconfigure-3.5.7.jar:3.5.7]
	at java.base/jdk.internal.reflect.NativeMethodAccessorImpl.invoke0(Native Method) ~[na:na]
	at java.base/jdk.internal.reflect.NativeMethodAccessorImpl.invoke(NativeMethodAccessorImpl.java:77) ~[na:na]
	at java.base/jdk.internal.reflect.DelegatingMethodAccessorImpl.invoke(DelegatingMethodAccessorImpl.java:43) ~[na:na]
	at java.base/java.lang.reflect.Method.invoke(Method.java:568) ~[na:na]
	at org.springframework.beans.factory.support.SimpleInstantiationStrategy.instantiate(SimpleInstantiationStrategy.java:140) ~[spring-beans-6.1.10.jar:6.1.10]
	... 66 common frames omitted
Caused by: java.lang.reflect.InvocationTargetException: null
	at java.base/jdk.internal.reflect.NativeConstructorAccessorImpl.newInstance0(Native Method) ~[na:na]
	at java.base/jdk.internal.reflect.NativeConstructorAccessorImpl.newInstance(NativeConstructorAccessorImpl.java:77) ~[na:na]
	at java.base/jdk.internal.reflect.DelegatingConstructorAccessorImpl.newInstance(DelegatingConstructorAccessorImpl.java:45) ~[na:na]
	at java.base/java.lang.reflect.Constructor.newInstanceWithCaller(Constructor.java:499) ~[na:na]
	at java.base/java.lang.reflect.Constructor.newInstance(Constructor.java:480) ~[na:na]
	at org.apache.ibatis.logging.LogFactory.setImplementation(LogFactory.java:110) ~[mybatis-3.5.16.jar:3.5.16]
	... 77 common frames omitted
Caused by: java.lang.NoClassDefFoundError: org/apache/log4j/Logger
	at org.apache.ibatis.logging.log4j.Log4jImpl.<init>(Log4jImpl.java:35) ~[mybatis-3.5.16.jar:3.5.16]
	... 83 common frames omitted
Caused by: java.lang.ClassNotFoundException: org.apache.log4j.Logger
	at java.base/jdk.internal.loader.BuiltinClassLoader.loadClass(BuiltinClassLoader.java:641) ~[na:na]
	at java.base/jdk.internal.loader.ClassLoaders$AppClassLoader.loadClass(ClassLoaders.java:188) ~[na:na]
	at java.base/java.lang.ClassLoader.loadClass(ClassLoader.java:520) ~[na:na]
	... 84 common frames omitted

02:31:45:464  INFO 10696 --- [user-center] [restartedMain] c.x.usercenter.UserCenterApplication     : Starting UserCenterApplication using Java 17.0.8 with PID 10696 (F:\yu-zsxq\用户中心\user-center\target\classes started by dell in F:\yu-zsxq\用户中心\user-center)
02:31:45:464  INFO 10696 --- [user-center] [restartedMain] c.x.usercenter.UserCenterApplication     : No active profile set, falling back to 1 default profile: "default"
02:31:45:689  INFO 10696 --- [user-center] [restartedMain] o.s.b.w.embedded.tomcat.TomcatWebServer  : Tomcat initialized with port 8080 (http)
02:31:45:691  INFO 10696 --- [user-center] [restartedMain] o.a.catalina.core.AprLifecycleListener   : An older version [1.2.35] of the Apache Tomcat Native library is installed, while Tomcat recommends a minimum version of [2.0.5]
02:31:45:691  INFO 10696 --- [user-center] [restartedMain] o.a.catalina.core.AprLifecycleListener   : Loaded Apache Tomcat Native library [1.2.35] using APR version [1.7.0].
02:31:45:691  INFO 10696 --- [user-center] [restartedMain] o.a.catalina.core.AprLifecycleListener   : OpenSSL successfully initialized [OpenSSL 1.1.1q  5 Jul 2022]
02:31:45:691  INFO 10696 --- [user-center] [restartedMain] o.apache.catalina.core.StandardService   : Starting service [Tomcat]
02:31:45:691  INFO 10696 --- [user-center] [restartedMain] o.apache.catalina.core.StandardEngine    : Starting Servlet engine: [Apache Tomcat/10.1.25]
02:31:45:698  INFO 10696 --- [user-center] [restartedMain] o.a.c.c.C.[Tomcat-1].[localhost].[/api]  : Initializing Spring embedded WebApplicationContext
02:31:45:698  INFO 10696 --- [user-center] [restartedMain] w.s.c.ServletWebServerApplicationContext : Root WebApplicationContext: initialization completed in 231 ms
02:31:46:154  INFO 10696 --- [user-center] [restartedMain] o.s.b.d.a.OptionalLiveReloadServer       : LiveReload server is running on port 35729
02:31:46:166  INFO 10696 --- [user-center] [restartedMain] o.s.b.w.embedded.tomcat.TomcatWebServer  : Tomcat started on port 8080 (http) with context path '/api'
02:31:46:173  INFO 10696 --- [user-center] [restartedMain] c.x.usercenter.UserCenterApplication     : Started UserCenterApplication in 0.745 seconds (process running for 599.808)
02:31:46:175  INFO 10696 --- [user-center] [restartedMain] .ConditionEvaluationDeltaLoggingListener : Condition evaluation unchanged
02:31:51:447  INFO 10696 --- [user-center] [http-nio-8080-exec-1] o.a.c.c.C.[Tomcat-1].[localhost].[/api]  : Initializing Spring DispatcherServlet 'dispatcherServlet'
02:31:51:447  INFO 10696 --- [user-center] [http-nio-8080-exec-1] o.s.web.servlet.DispatcherServlet        : Initializing Servlet 'dispatcherServlet'
02:31:51:449  INFO 10696 --- [user-center] [http-nio-8080-exec-1] o.s.web.servlet.DispatcherServlet        : Completed initialization in 2 ms
02:31:51:451  INFO 10696 --- [user-center] [http-nio-8080-exec-1] c.x.u.i.RequestLoggingInterceptor        : Request URL:: http://localhost:8080/api/user/login || Method:: POST
02:31:51:454  INFO 10696 --- [user-center] [http-nio-8080-exec-1] c.x.u.controller.UserController          : 用户登录:UserLoginDto(userAccount=xiaofan, userPassword=Aa+12345)
02:31:51:458  INFO 10696 --- [user-center] [http-nio-8080-exec-1] com.zaxxer.hikari.HikariDataSource       : HikariPool-4 - Starting...
02:31:51:465  INFO 10696 --- [user-center] [http-nio-8080-exec-1] com.zaxxer.hikari.pool.HikariPool        : HikariPool-4 - Added connection com.mysql.jdbc.JDBC4Connection@379805b2
02:31:51:466  INFO 10696 --- [user-center] [http-nio-8080-exec-1] com.zaxxer.hikari.HikariDataSource       : HikariPool-4 - Start completed.
02:32:01:565  INFO 10696 --- [user-center] [http-nio-8080-exec-5] c.x.u.i.RequestLoggingInterceptor        : Request URL:: http://localhost:8080/api/user/login || Method:: POST
02:32:01:565  INFO 10696 --- [user-center] [http-nio-8080-exec-5] c.x.u.controller.UserController          : 用户登录:UserLoginDto(userAccount=xiaofan, userPassword=Aa+12345)
02:42:45:678  INFO 10696 --- [user-center] [SpringApplicationShutdownHook] com.zaxxer.hikari.HikariDataSource       : HikariPool-4 - Shutdown initiated...
02:42:45:687  INFO 10696 --- [user-center] [SpringApplicationShutdownHook] com.zaxxer.hikari.HikariDataSource       : HikariPool-4 - Shutdown completed.
